<?xml version="1.0" encoding="UTF-8"?>
<!-- Generated by org.testng.reporters.JUnitReportReporter -->
<testsuite hostname="DESKTOP-9P43CVK" failures="0" tests="3" name="JapanieseCars.HondaTest" time="0.004" errors="0" timestamp="2021-03-31T12:40:53 CDT" skipped="0">
  <testcase classname="JapanieseCars.HondaTest" name="Honda_HRV_Test" time="0.001"/>
  <system-out/>
  <testcase classname="JapanieseCars.HondaTest" name="Honda_CRV_Test" time="0.002"/>
  <system-out/>
  <testcase classname="JapanieseCars.HondaTest" name="Honda_Civic_Test" time="0.001"/>
  <system-out/>
</testsuite> <!-- JapanieseCars.HondaTest -->
