<?xml version="1.0" encoding="UTF-8"?>
<!-- Generated by org.testng.reporters.JUnitReportReporter -->
<testsuite hostname="DESKTOP-9P43CVK" failures="0" tests="3" name="JapanieseCars.MazdaTest" time="0.001" errors="0" timestamp="2021-03-31T12:40:53 CDT" skipped="1">
  <testcase classname="JapanieseCars.MazdaTest" name="Mazda_6_Test" time="0.001"/>
  <system-out/>
  <testcase classname="JapanieseCars.MazdaTest" name="Mazda_CX5_Test" time="0.000"/>
  <system-out/>
  <testcase classname="JapanieseCars.MazdaTest" name="Mazda_3_Test">
    <skipped/>
  </testcase> <!-- Mazda_3_Test -->
  <system-out/>
</testsuite> <!-- JapanieseCars.MazdaTest -->
