<?xml version="1.0" encoding="UTF-8"?>
<!-- Generated by org.testng.reporters.JUnitReportReporter -->
<testsuite hostname="DESKTOP-9P43CVK" failures="0" tests="3" name="AmericanCars.ChryslerTest" time="0.002" errors="0" timestamp="2021-03-31T12:40:53 CDT" skipped="0">
  <testcase classname="AmericanCars.ChryslerTest" name="Chrysler_Pacifica_Test" time="0.000"/>
  <system-out/>
  <testcase classname="AmericanCars.ChryslerTest" name="Chrysler_200_Test" time="0.001"/>
  <system-out/>
  <testcase classname="AmericanCars.ChryslerTest" name="Chrysler_300S_Test" time="0.001"/>
  <system-out/>
</testsuite> <!-- AmericanCars.ChryslerTest -->
