<?xml version="1.0" encoding="UTF-8"?>
<!-- Generated by org.testng.reporters.JUnitReportReporter -->
<testsuite hostname="DESKTOP-9P43CVK" failures="0" tests="3" name="JapanieseCars.MitsubishiTest" time="0.006" errors="0" timestamp="2021-03-31T12:40:53 CDT" skipped="0">
  <testcase classname="JapanieseCars.MitsubishiTest" name="Mitsubishi_Evo_Test" time="0.003"/>
  <system-out/>
  <testcase classname="JapanieseCars.MitsubishiTest" name="Mitsubishi_Outlander_Test" time="0.002"/>
  <system-out/>
  <testcase classname="JapanieseCars.MitsubishiTest" name="Mitsubishi_Lancer_Test" time="0.001"/>
  <system-out/>
</testsuite> <!-- JapanieseCars.MitsubishiTest -->
