<?xml version="1.0" encoding="UTF-8"?>
<!-- Generated by org.testng.reporters.JUnitReportReporter -->
<testsuite hostname="DESKTOP-9P43CVK" failures="0" tests="3" name="JapanieseCars.ToyotaTest" time="0.006" errors="0" timestamp="2021-03-31T12:40:53 CDT" skipped="0">
  <testcase classname="JapanieseCars.ToyotaTest" name="Toyota_Corolla_Test" time="0.001"/>
  <system-out/>
  <testcase classname="JapanieseCars.ToyotaTest" name="Toyota_Camry_Test" time="0.004"/>
  <system-out/>
  <testcase classname="JapanieseCars.ToyotaTest" name="Toyota_Rav4_Test" time="0.001"/>
  <system-out/>
</testsuite> <!-- JapanieseCars.ToyotaTest -->
