<?xml version="1.0" encoding="UTF-8"?>
<!-- Generated by org.testng.reporters.JUnitReportReporter -->
<testsuite hostname="DESKTOP-9P43CVK" failures="0" tests="2" name="JapanieseCars.NissanTest" time="0.003" errors="0" timestamp="2021-03-31T12:40:53 CDT" skipped="0">
  <testcase classname="JapanieseCars.NissanTest" name="Nissan_Roque_Test" time="0.001"/>
  <system-out/>
  <testcase classname="JapanieseCars.NissanTest" name="Nissan_Maxima_Test" time="0.002"/>
  <system-out/>
</testsuite> <!-- JapanieseCars.NissanTest -->
