<?xml version="1.0" encoding="UTF-8"?>
<!-- Generated by org.testng.reporters.JUnitReportReporter -->
<testsuite hostname="DESKTOP-9P43CVK" failures="0" tests="3" name="AmericanCars.CadillacTest" time="0.007" errors="0" timestamp="2021-03-31T12:40:53 CDT" skipped="0">
  <testcase classname="AmericanCars.CadillacTest" name="Cadillac_Escalade_Test" time="0.004"/>
  <system-out/>
  <testcase classname="AmericanCars.CadillacTest" name="Cadillac_CT6_Test" time="0.002"/>
  <system-out/>
  <testcase classname="AmericanCars.CadillacTest" name="Cadillac_XT5_Test" time="0.001"/>
  <system-out/>
</testsuite> <!-- AmericanCars.CadillacTest -->
