<?xml version="1.0" encoding="UTF-8"?>
<!-- Generated by org.testng.reporters.JUnitReportReporter -->
<testsuite hostname="DESKTOP-9P43CVK" failures="0" tests="3" name="JapanieseCars.LexusTest" time="0.001" errors="0" timestamp="2021-03-31T12:40:53 CDT" skipped="0">
  <testcase classname="JapanieseCars.LexusTest" name="Lexus_RC_Test" time="0.001"/>
  <system-out/>
  <testcase classname="JapanieseCars.LexusTest" name="Lexus_GS_Test" time="0.000"/>
  <system-out/>
  <testcase classname="JapanieseCars.LexusTest" name="Lexus_LX_Test" time="0.000"/>
  <system-out/>
</testsuite> <!-- JapanieseCars.LexusTest -->
