<?xml version="1.0" encoding="UTF-8"?>
<!-- Generated by org.testng.reporters.JUnitReportReporter -->
<testsuite hostname="DESKTOP-9P43CVK" failures="0" tests="3" name="AmericanCars.JeepTest" time="0.001" errors="0" timestamp="2021-03-31T12:40:53 CDT" skipped="0">
  <testcase classname="AmericanCars.JeepTest" name="Jeep_Grandcherokee_Test" time="0.001"/>
  <system-out/>
  <testcase classname="AmericanCars.JeepTest" name="Jeep_Cherokee_Test" time="0.000"/>
  <system-out/>
  <testcase classname="AmericanCars.JeepTest" name="Jeep_Rubicon_Test" time="0.000"/>
  <system-out/>
</testsuite> <!-- AmericanCars.JeepTest -->
