<?xml version="1.0" encoding="UTF-8"?>
<!-- Generated by org.testng.reporters.JUnitReportReporter -->
<testsuite hostname="DESKTOP-9P43CVK" failures="0" tests="1" name="GermanCars.BmwTest" time="0.003" errors="0" timestamp="2021-03-31T12:40:53 CDT" skipped="0">
  <testcase classname="GermanCars.BmwTest" name="Bmw_M4_Test" time="0.003"/>
  <system-out/>
</testsuite> <!-- GermanCars.BmwTest -->
