<?xml version="1.0" encoding="UTF-8"?>
<!-- Generated by org.testng.reporters.JUnitReportReporter -->
<testsuite hostname="DESKTOP-9P43CVK" failures="0" tests="1" name="GermanCars.MercedesTest" time="0.001" errors="0" timestamp="2021-03-31T12:40:53 CDT" skipped="0">
  <testcase classname="GermanCars.MercedesTest" name="Mercedes_S300_Test" time="0.001"/>
  <system-out/>
</testsuite> <!-- GermanCars.MercedesTest -->
